<?xml version="1.0" encoding="UTF-8"?>
<!-- Generated by org.testng.reporters.JUnitReportReporter -->
<testsuite hostname="Dellsys66-PC" failures="0" tests="1" name="cucumberOptions.TestRunner" time="56.606" errors="0" timestamp="2024-11-08T17:08:52 IST" skipped="0">
  <testcase classname="cucumberOptions.TestRunner" name="runScenario" time="56.606"/>
  <system-out/>
</testsuite> <!-- cucumberOptions.TestRunner -->
